<?xml version="1.0" encoding="UTF-8"?>
<testsuite name="LibraryTest" tests="1" skipped="0" failures="0" errors="0" timestamp="2017-12-10T16:01:35" hostname="wonjaek36ui-MacBook-Pro.local" time="0.039">
  <properties/>
  <testcase name="someLibraryMethod returns true" classname="LibraryTest" time="0.039"/>
  <system-out><![CDATA[]]></system-out>
  <system-err><![CDATA[]]></system-err>
</testsuite>
