<?xml version="1.0" encoding="UTF-8"?>
<testsuite name="ggreeter.GreetingFormatterSpec" tests="1" skipped="0" failures="0" errors="0" timestamp="2017-12-11T04:51:41" hostname="DESKTOP-WJ-816" time="0.039">
  <properties/>
  <testcase name="Creating a greeting" classname="ggreeter.GreetingFormatterSpec" time="0.039"/>
  <system-out><![CDATA[]]></system-out>
  <system-err><![CDATA[]]></system-err>
</testsuite>
